# JRE version: OpenJDK Runtime Environment Temurin-21.0.10+7 (21.0.10+7) (build 21.0.10+7-LTS)
# Java VM: OpenJDK 64-Bit Server VM Temurin-21.0.10+7 (21.0.10+7-LTS, mixed mode, sharing, tiered, compressed oops, compressed class ptrs, g1 gc, windows-amd64)
GC Precious Log:
 CardTable entry size: 512
 Card Set container configuration: InlinePtr #cards 5 size 8 Array Of Cards #cards 12 size 40 Howl #buckets 4 coarsen threshold 1843 Howl Bitmap #cards 512 size 80 coarsen threshold 460 Card regions per heap region 1 cards per card region 2048
 CPUs: 8 total, 8 available
 Memory: 7933M
 Large Page Support: Disabled
 NUMA Support: Disabled
 Compressed Oops: Enabled (32-bit)
 Heap Region Size: 1M
 Heap Min Capacity: 8M
 Heap Initial Capacity: 124M
 Heap Max Capacity: 1984M
 Pre-touch: Disabled
 Parallel Workers: 8
 Concurrent Workers: 2
 Concurrent Refinement Workers: 8
 Periodic GC: Disabled
Heap:
 garbage-first heap   total 126976K, used 31014K [0x0000000084000000, 0x0000000100000000)
  region size 1024K, 29 young (29696K), 1 survivors (1024K)
 Metaspace       used 6778K, committed 7040K, reserved 1114112K
  class space    used 353K, committed 448K, reserved 1048576K
GC Heap History (20 events):
Event: 1.470 GC heap before
{Heap before GC invocations=1 (full 0):
 garbage-first heap   total 126976K, used 36268K [0x0000000084000000, 0x0000000100000000)
  region size 1024K, 36 young (36864K), 3 survivors (3072K)
 Metaspace       used 6505K, committed 6720K, reserved 1114112K
  class space    used 339K, committed 448K, reserved 1048576K
}
Event: 1.474 GC heap after
{Heap after GC invocations=2 (full 0):
 garbage-first heap   total 126976K, used 4028K [0x0000000084000000, 0x0000000100000000)
  region size 1024K, 1 young (1024K), 1 survivors (1024K)
 Metaspace       used 6505K, committed 6720K, reserved 1114112K
  class space    used 339K, committed 448K, reserved 1048576K
}
Event: 1.551 GC heap before
{Heap before GC invocations=2 (full 0):
 garbage-first heap   total 126976K, used 78780K [0x0000000084000000, 0x0000000100000000)
  region size 1024K, 74 young (75776K), 1 survivors (1024K)
 Metaspace       used 6512K, committed 6720K, reserved 1114112K
  class space    used 339K, committed 448K, reserved 1048576K
}
Event: 1.553 GC heap after
{Heap after GC invocations=3 (full 0):
 garbage-first heap   total 126976K, used 4273K [0x0000000084000000, 0x0000000100000000)
  region size 1024K, 2 young (2048K), 2 survivors (2048K)
 Metaspace       used 6512K, committed 6720K, reserved 1114112K
  class space    used 339K, committed 448K, reserved 1048576K
}
Event: 1.629 GC heap before
{Heap before GC invocations=3 (full 0):
 garbage-first heap   total 126976K, used 76977K [0x0000000084000000, 0x0000000100000000)
  region size 1024K, 74 young (75776K), 2 survivors (2048K)
 Metaspace       used 6517K, committed 6720K, reserved 1114112K
  class space    used 339K, committed 448K, reserved 1048576K
}
Event: 1.631 GC heap after
{Heap after GC invocations=4 (full 0):
 garbage-first heap   total 126976K, used 4963K [0x0000000084000000, 0x0000000100000000)
  region size 1024K, 2 young (2048K), 2 survivors (2048K)
 Metaspace       used 6517K, committed 6720K, reserved 1114112K
  class space    used 339K, committed 448K, reserved 1048576K
}
Event: 14.015 GC heap before
{Heap before GC invocations=4 (full 0):
 garbage-first heap   total 126976K, used 78691K [0x0000000084000000, 0x0000000100000000)
  region size 1024K, 74 young (75776K), 2 survivors (2048K)
 Metaspace       used 6653K, committed 6848K, reserved 1114112K
  class space    used 340K, committed 448K, reserved 1048576K
}
Event: 14.017 GC heap after
{Heap after GC invocations=5 (full 0):
 garbage-first heap   total 126976K, used 3918K [0x0000000084000000, 0x0000000100000000)
  region size 1024K, 1 young (1024K), 1 survivors (1024K)
 Metaspace       used 6653K, committed 6848K, reserved 1114112K
  class space    used 340K, committed 448K, reserved 1048576K
}
Event: 25.116 GC heap before
{Heap before GC invocations=5 (full 0):
 garbage-first heap   total 126976K, used 78670K [0x0000000084000000, 0x0000000100000000)
  region size 1024K, 74 young (75776K), 1 survivors (1024K)
 Metaspace       used 6682K, committed 6848K, reserved 1114112K
  class space    used 340K, committed 448K, reserved 1048576K
}
Event: 25.119 GC heap after
{Heap after GC invocations=6 (full 0):
 garbage-first heap   total 126976K, used 3376K [0x0000000084000000, 0x0000000100000000)
  region size 1024K, 1 young (1024K), 1 survivors (1024K)
 Metaspace       used 6682K, committed 6848K, reserved 1114112K
  class space    used 340K, committed 448K, reserved 1048576K
}
Event: 121.634 GC heap before
{Heap before GC invocations=6 (full 0):
 garbage-first heap   total 126976K, used 78128K [0x0000000084000000, 0x0000000100000000)
  region size 1024K, 74 young (75776K), 1 survivors (1024K)
 Metaspace       used 6684K, committed 6848K, reserved 1114112K
  class space    used 340K, committed 448K, reserved 1048576K
}
Event: 121.637 GC heap after
{Heap after GC invocations=7 (full 0):
 garbage-first heap   total 126976K, used 3381K [0x0000000084000000, 0x0000000100000000)
  region size 1024K, 1 young (1024K), 1 survivors (1024K)
 Metaspace       used 6684K, committed 6848K, reserved 1114112K
  class space    used 340K, committed 448K, reserved 1048576K
}
Event: 199.285 GC heap before
{Heap before GC invocations=7 (full 0):
 garbage-first heap   total 126976K, used 78133K [0x0000000084000000, 0x0000000100000000)
  region size 1024K, 74 young (75776K), 1 survivors (1024K)
 Metaspace       used 6687K, committed 6848K, reserved 1114112K
  class space    used 340K, committed 448K, reserved 1048576K
}
Event: 199.287 GC heap after
{Heap after GC invocations=8 (full 0):
 garbage-first heap   total 126976K, used 3564K [0x0000000084000000, 0x0000000100000000)
  region size 1024K, 1 young (1024K), 1 survivors (1024K)
 Metaspace       used 6687K, committed 6848K, reserved 1114112K
  class space    used 340K, committed 448K, reserved 1048576K
}
Event: 293.337 GC heap before
{Heap before GC invocations=8 (full 0):
 garbage-first heap   total 126976K, used 78316K [0x0000000084000000, 0x0000000100000000)
  region size 1024K, 74 young (75776K), 1 survivors (1024K)
 Metaspace       used 6687K, committed 6848K, reserved 1114112K
  class space    used 340K, committed 448K, reserved 1048576K
}
Event: 293.340 GC heap after
{Heap after GC invocations=9 (full 0):
 garbage-first heap   total 126976K, used 3381K [0x0000000084000000, 0x0000000100000000)
  region size 1024K, 1 young (1024K), 1 survivors (1024K)
 Metaspace       used 6687K, committed 6848K, reserved 1114112K
  class space    used 340K, committed 448K, reserved 1048576K
}
Event: 535.656 GC heap before
{Heap before GC invocations=9 (full 0):
 garbage-first heap   total 126976K, used 78133K [0x0000000084000000, 0x0000000100000000)
  region size 1024K, 74 young (75776K), 1 survivors (1024K)
 Metaspace       used 6687K, committed 6848K, reserved 1114112K
  class space    used 340K, committed 448K, reserved 1048576K
}
Event: 535.659 GC heap after
{Heap after GC invocations=10 (full 0):
 garbage-first heap   total 126976K, used 3893K [0x0000000084000000, 0x0000000100000000)
  region size 1024K, 1 young (1024K), 1 survivors (1024K)
 Metaspace       used 6687K, committed 6848K, reserved 1114112K
  class space    used 340K, committed 448K, reserved 1048576K
}
Event: 588.455 GC heap before
{Heap before GC invocations=10 (full 0):
 garbage-first heap   total 126976K, used 78645K [0x0000000084000000, 0x0000000100000000)
  region size 1024K, 74 young (75776K), 1 survivors (1024K)
 Metaspace       used 6689K, committed 6848K, reserved 1114112K
  class space    used 340K, committed 448K, reserved 1048576K
}
Event: 588.457 GC heap after
{Heap after GC invocations=11 (full 0):
 garbage-first heap   total 126976K, used 3366K [0x0000000084000000, 0x0000000100000000)
  region size 1024K, 1 young (1024K), 1 survivors (1024K)
 Metaspace       used 6689K, committed 6848K, reserved 1114112K
  class space    used 340K, committed 448K, reserved 1048576K
}

